# JRE version: OpenJDK Runtime Environment Zulu15.28+1013-CA (15.0.1+9) (build 15.0.1+9)
# Java VM: OpenJDK 64-Bit Server VM Zulu15.28+1013-CA (15.0.1+9, mixed mode, tiered, compressed oops, g1 gc, bsd-aarch64)
GC Precious Log:
 CPUs: 8 total, 8 available
 Memory: 16384M
 Large Page Support: Disabled
 NUMA Support: Disabled
 Compressed Oops: Enabled (Zero based)
 Heap Region Size: 1M
 Heap Min Capacity: 8M
 Heap Initial Capacity: 256M
 Heap Max Capacity: 512M
 Pre-touch: Disabled
 Parallel Workers: 8
 Concurrent Workers: 2
 Concurrent Refinement Workers: 8
 Periodic GC: Disabled
Heap:
 garbage-first heap   total 155648K, used 22791K [0x00000007a0000000, 0x00000007c0000000)
  region size 1024K, 9 young (9216K), 2 survivors (2048K)
 Metaspace       used 39510K, capacity 40047K, committed 40192K, reserved 1085440K
  class space    used 4848K, capacity 5032K, committed 5120K, reserved 1048576K
GC Heap History (20 events):
Event: 0.296 GC heap before
{Heap before GC invocations=0 (full 0):
 garbage-first heap   total 262144K, used 23552K [0x00000007a0000000, 0x00000007c0000000)
  region size 1024K, 23 young (23552K), 0 survivors (0K)
 Metaspace       used 13436K, capacity 13804K, committed 14080K, reserved 1062912K
  class space    used 1406K, capacity 1520K, committed 1536K, reserved 1048576K
}
Event: 0.299 GC heap after
{Heap after GC invocations=1 (full 0):
 garbage-first heap   total 262144K, used 9163K [0x00000007a0000000, 0x00000007c0000000)
  region size 1024K, 3 young (3072K), 3 survivors (3072K)
 Metaspace       used 13436K, capacity 13804K, committed 14080K, reserved 1062912K
  class space    used 1406K, capacity 1520K, committed 1536K, reserved 1048576K
}
Event: 0.476 GC heap before
{Heap before GC invocations=1 (full 0):
 garbage-first heap   total 262144K, used 30667K [0x00000007a0000000, 0x00000007c0000000)
  region size 1024K, 24 young (24576K), 3 survivors (3072K)
 Metaspace       used 18066K, capacity 18480K, committed 18816K, reserved 1067008K
  class space    used 2024K, capacity 2134K, committed 2176K, reserved 1048576K
}
Event: 0.479 GC heap after
{Heap after GC invocations=2 (full 0):
 garbage-first heap   total 262144K, used 10553K [0x00000007a0000000, 0x00000007c0000000)
  region size 1024K, 2 young (2048K), 2 survivors (2048K)
 Metaspace       used 18066K, capacity 18480K, committed 18816K, reserved 1067008K
  class space    used 2024K, capacity 2134K, committed 2176K, reserved 1048576K
}
Event: 0.550 GC heap before
{Heap before GC invocations=2 (full 0):
 garbage-first heap   total 262144K, used 21817K [0x00000007a0000000, 0x00000007c0000000)
  region size 1024K, 14 young (14336K), 2 survivors (2048K)
 Metaspace       used 20732K, capacity 21097K, committed 21296K, reserved 1069056K
  class space    used 2329K, capacity 2429K, committed 2432K, reserved 1048576K
}
Event: 0.552 GC heap after
{Heap after GC invocations=3 (full 0):
 garbage-first heap   total 262144K, used 11145K [0x00000007a0000000, 0x00000007c0000000)
  region size 1024K, 2 young (2048K), 2 survivors (2048K)
 Metaspace       used 20732K, capacity 21097K, committed 21296K, reserved 1069056K
  class space    used 2329K, capacity 2429K, committed 2432K, reserved 1048576K
}
Event: 0.749 GC heap before
{Heap before GC invocations=4 (full 0):
 garbage-first heap   total 45056K, used 43913K [0x00000007a0000000, 0x00000007c0000000)
  region size 1024K, 34 young (34816K), 2 survivors (2048K)
 Metaspace       used 27792K, capacity 28213K, committed 28544K, reserved 1075200K
  class space    used 3244K, capacity 3391K, committed 3456K, reserved 1048576K
}
Event: 0.751 GC heap after
{Heap after GC invocations=5 (full 0):
 garbage-first heap   total 49152K, used 12827K [0x00000007a0000000, 0x00000007c0000000)
  region size 1024K, 4 young (4096K), 4 survivors (4096K)
 Metaspace       used 27792K, capacity 28213K, committed 28544K, reserved 1075200K
  class space    used 3244K, capacity 3391K, committed 3456K, reserved 1048576K
}
Event: 0.819 GC heap before
{Heap before GC invocations=5 (full 0):
 garbage-first heap   total 49152K, used 31259K [0x00000007a0000000, 0x00000007c0000000)
  region size 1024K, 23 young (23552K), 4 survivors (4096K)
 Metaspace       used 30431K, capacity 30889K, committed 31232K, reserved 1077248K
  class space    used 3607K, capacity 3751K, committed 3840K, reserved 1048576K
}
Event: 0.822 GC heap after
{Heap after GC invocations=6 (full 0):
 garbage-first heap   total 49152K, used 13717K [0x00000007a0000000, 0x00000007c0000000)
  region size 1024K, 2 young (2048K), 2 survivors (2048K)
 Metaspace       used 30431K, capacity 30889K, committed 31232K, reserved 1077248K
  class space    used 3607K, capacity 3751K, committed 3840K, reserved 1048576K
}
Event: 0.824 GC heap before
{Heap before GC invocations=6 (full 0):
 garbage-first heap   total 49152K, used 32149K [0x00000007a0000000, 0x00000007c0000000)
  region size 1024K, 21 young (21504K), 2 survivors (2048K)
 Metaspace       used 30473K, capacity 30953K, committed 31232K, reserved 1077248K
  class space    used 3611K, capacity 3751K, committed 3840K, reserved 1048576K
}
Event: 0.825 GC heap after
{Heap after GC invocations=7 (full 0):
 garbage-first heap   total 49152K, used 13788K [0x00000007a0000000, 0x00000007c0000000)
  region size 1024K, 2 young (2048K), 2 survivors (2048K)
 Metaspace       used 30473K, capacity 30953K, committed 31232K, reserved 1077248K
  class space    used 3611K, capacity 3751K, committed 3840K, reserved 1048576K
}
Event: 0.871 GC heap before
{Heap before GC invocations=7 (full 0):
 garbage-first heap   total 49152K, used 33244K [0x00000007a0000000, 0x00000007c0000000)
  region size 1024K, 22 young (22528K), 2 survivors (2048K)
 Metaspace       used 31467K, capacity 31882K, committed 32128K, reserved 1077248K
  class space    used 3700K, capacity 3847K, committed 3968K, reserved 1048576K
}
Event: 0.872 GC heap after
{Heap after GC invocations=8 (full 0):
 garbage-first heap   total 49152K, used 14127K [0x00000007a0000000, 0x00000007c0000000)
  region size 1024K, 2 young (2048K), 2 survivors (2048K)
 Metaspace       used 31467K, capacity 31882K, committed 32128K, reserved 1077248K
  class space    used 3700K, capacity 3847K, committed 3968K, reserved 1048576K
}
Event: 0.998 GC heap before
{Heap before GC invocations=8 (full 0):
 garbage-first heap   total 49152K, used 35631K [0x00000007a0000000, 0x00000007c0000000)
  region size 1024K, 23 young (23552K), 2 survivors (2048K)
 Metaspace       used 33677K, capacity 34230K, committed 34432K, reserved 1079296K
  class space    used 3983K, capacity 4174K, committed 4224K, reserved 1048576K
}
Event: 1.000 GC heap after
{Heap after GC invocations=9 (full 0):
 garbage-first heap   total 49152K, used 14958K [0x00000007a0000000, 0x00000007c0000000)
  region size 1024K, 3 young (3072K), 3 survivors (3072K)
 Metaspace       used 33677K, capacity 34230K, committed 34432K, reserved 1079296K
  class space    used 3983K, capacity 4174K, committed 4224K, reserved 1048576K
}
Event: 1.085 GC heap before
{Heap before GC invocations=9 (full 0):
 garbage-first heap   total 49152K, used 26222K [0x00000007a0000000, 0x00000007c0000000)
  region size 1024K, 15 young (15360K), 3 survivors (3072K)
 Metaspace       used 35300K, capacity 35801K, committed 35968K, reserved 1081344K
  class space    used 4184K, capacity 4376K, committed 4480K, reserved 1048576K
}
Event: 1.088 GC heap after
{Heap after GC invocations=10 (full 0):
 garbage-first heap   total 49152K, used 15626K [0x00000007a0000000, 0x00000007c0000000)
  region size 1024K, 2 young (2048K), 2 survivors (2048K)
 Metaspace       used 35300K, capacity 35801K, committed 35968K, reserved 1081344K
  class space    used 4184K, capacity 4376K, committed 4480K, reserved 1048576K
}
Event: 1.286 GC heap before
{Heap before GC invocations=11 (full 0):
 garbage-first heap   total 49152K, used 37130K [0x00000007a0000000, 0x00000007c0000000)
  region size 1024K, 23 young (23552K), 2 survivors (2048K)
 Metaspace       used 38767K, capacity 39327K, committed 39552K, reserved 1083392K
  class space    used 4743K, capacity 4927K, committed 4992K, reserved 1048576K
}
Event: 1.288 GC heap after
{Heap after GC invocations=12 (full 0):
 garbage-first heap   total 155648K, used 16647K [0x00000007a0000000, 0x00000007c0000000)
  region size 1024K, 2 young (2048K), 2 survivors (2048K)
 Metaspace       used 38767K, capacity 39327K, committed 39552K, reserved 1083392K
  class space    used 4743K, capacity 4927K, committed 4992K, reserved 1048576K
}

